\BOOKMARK [0][-]{chapter*.1}{\376\377\000C\000o\000n\000t\000e\000n\000t\000s}{}% 1
\BOOKMARK [0][-]{chapter*.2}{\376\377\000L\000i\000s\000t\000\040\000o\000f\000\040\000F\000i\000g\000u\000r\000e\000s}{}% 2
\BOOKMARK [0][-]{chapter*.3}{\376\377\000L\000i\000s\000t\000\040\000o\000f\000\040\000T\000a\000b\000l\000e\000s}{}% 3
\BOOKMARK [0][-]{chapter.1}{\376\377\000G\000e\000n\000e\000r\000a\000l\000\040\000P\000r\000e\000s\000e\000n\000t\000a\000t\000i\000o\000n}{}% 4
\BOOKMARK [1][-]{section.1.1}{\376\377\000I\000n\000t\000r\000o\000d\000u\000c\000t\000i\000o\000n}{chapter.1}% 5
\BOOKMARK [1][-]{section.1.2}{\376\377\000G\000e\000n\000e\000r\000a\000l\000\040\000F\000r\000a\000m\000e\000w\000o\000r\000k\000\040\000o\000f\000\040\000t\000h\000e\000\040\000P\000r\000o\000j\000e\000c\000t}{chapter.1}% 6
\BOOKMARK [1][-]{section.1.3}{\376\377\000P\000r\000e\000s\000e\000n\000t\000a\000t\000i\000o\000n\000\040\000o\000f\000\040\000t\000h\000e\000\040\000H\000o\000s\000t\000\040\000O\000r\000g\000a\000n\000i\000z\000a\000t\000i\000o\000n}{chapter.1}% 7
\BOOKMARK [2][-]{subsection.1.3.1}{\376\377\000O\000r\000g\000a\000n\000i\000z\000a\000t\000i\000o\000n\000a\000l\000\040\000I\000d\000e\000n\000t\000i\000t\000y}{section.1.3}% 8
\BOOKMARK [2][-]{subsection.1.3.2}{\376\377\000C\000o\000r\000e\000\040\000A\000c\000t\000i\000v\000i\000t\000y\000\040\000A\000r\000e\000a\000s}{section.1.3}% 9
\BOOKMARK [2][-]{subsection.1.3.3}{\376\377\000S\000t\000r\000a\000t\000e\000g\000i\000c\000\040\000P\000a\000r\000t\000n\000e\000r\000s\000\040\000a\000n\000d\000\040\000R\000e\000f\000e\000r\000e\000n\000c\000e\000s}{section.1.3}% 10
\BOOKMARK [2][-]{subsection.1.3.4}{\376\377\000S\000t\000r\000a\000t\000e\000g\000y\000\040\000a\000n\000d\000\040\000V\000a\000l\000u\000e\000s}{section.1.3}% 11
\BOOKMARK [2][-]{subsection.1.3.5}{\376\377\000M\000i\000s\000s\000i\000o\000n\000\040\000a\000n\000d\000\040\000S\000e\000r\000v\000i\000c\000e\000s}{section.1.3}% 12
\BOOKMARK [2][-]{subsection.1.3.6}{\376\377\000T\000a\000r\000g\000e\000t\000\040\000C\000l\000i\000e\000n\000t\000s}{section.1.3}% 13
\BOOKMARK [2][-]{subsection.1.3.7}{\376\377\000O\000p\000e\000r\000a\000t\000i\000o\000n\000a\000l\000\040\000C\000h\000a\000r\000a\000c\000t\000e\000r\000i\000s\000t\000i\000c\000s}{section.1.3}% 14
\BOOKMARK [1][-]{section.1.4}{\376\377\000P\000r\000o\000j\000e\000c\000t\000\040\000P\000r\000e\000s\000e\000n\000t\000a\000t\000i\000o\000n}{chapter.1}% 15
\BOOKMARK [2][-]{subsection.1.4.1}{\376\377\000P\000r\000o\000j\000e\000c\000t\000\040\000B\000a\000c\000k\000g\000r\000o\000u\000n\000d}{section.1.4}% 16
\BOOKMARK [2][-]{subsection.1.4.2}{\376\377\000P\000r\000o\000b\000l\000e\000m\000a\000t\000i\000c}{section.1.4}% 17
\BOOKMARK [1][-]{section.1.5}{\376\377\000S\000t\000u\000d\000y\000\040\000o\000f\000\040\000t\000h\000e\000\040\000E\000x\000i\000s\000t\000e\000n\000t}{chapter.1}% 18
\BOOKMARK [2][-]{subsection.1.5.1}{\376\377\000A\000n\000a\000l\000y\000s\000i\000s\000\040\000o\000f\000\040\000t\000h\000e\000\040\000E\000x\000i\000s\000t\000i\000n\000g}{section.1.5}% 19
\BOOKMARK [2][-]{subsection.1.5.2}{\376\377\000C\000r\000i\000t\000i\000q\000u\000e\000\040\000o\000f\000\040\000t\000h\000e\000\040\000E\000x\000i\000s\000t\000i\000n\000g}{section.1.5}% 20
\BOOKMARK [2][-]{subsection.1.5.3}{\376\377\000P\000r\000o\000p\000o\000s\000e\000d\000\040\000S\000o\000l\000u\000t\000i\000o\000n}{section.1.5}% 21
\BOOKMARK [1][-]{section.1.6}{\376\377\000C\000o\000n\000c\000l\000u\000s\000i\000o\000n}{chapter.1}% 22
\BOOKMARK [0][-]{chapter.2}{\376\377\000P\000r\000o\000j\000e\000c\000t\000\040\000P\000l\000a\000n\000n\000i\000n\000g}{}% 23
\BOOKMARK [1][-]{section.2.1}{\376\377\000I\000n\000t\000r\000o\000d\000u\000c\000t\000i\000o\000n}{chapter.2}% 24
\BOOKMARK [1][-]{section.2.2}{\376\377\000S\000C\000R\000U\000M\000\040\000M\000e\000t\000h\000o\000d\000o\000l\000o\000g\000y}{chapter.2}% 25
\BOOKMARK [2][-]{subsection.2.2.1}{\376\377\000M\000e\000t\000h\000o\000d\000\040\000S\000e\000l\000e\000c\000t\000i\000o\000n\000\040\000R\000a\000t\000i\000o\000n\000a\000l\000e}{section.2.2}% 26
\BOOKMARK [2][-]{subsection.2.2.2}{\376\377\000S\000C\000R\000U\000M\000\040\000R\000o\000l\000e\000s\000\040\000i\000n\000\040\000a\000\040\000S\000i\000n\000g\000l\000e\000-\000D\000e\000v\000e\000l\000o\000p\000e\000r\000\040\000C\000o\000n\000t\000e\000x\000t}{section.2.2}% 27
\BOOKMARK [2][-]{subsection.2.2.3}{\376\377\000S\000p\000r\000i\000n\000t\000\040\000C\000a\000d\000e\000n\000c\000e\000\040\000a\000n\000d\000\040\000G\000o\000v\000e\000r\000n\000a\000n\000c\000e}{section.2.2}% 28
\BOOKMARK [1][-]{section.2.3}{\376\377\000S\000o\000f\000t\000w\000a\000r\000e\000\040\000a\000n\000d\000\040\000T\000o\000o\000l\000s\000\040\000U\000s\000e\000d}{chapter.2}% 29
\BOOKMARK [2][-]{subsection.2.3.1}{\376\377\000F\000r\000a\000m\000e\000w\000o\000r\000k\000s\000\040\000a\000n\000d\000\040\000T\000e\000c\000h\000n\000o\000l\000o\000g\000i\000e\000s}{section.2.3}% 30
\BOOKMARK [2][-]{subsection.2.3.2}{\376\377\000D\000e\000v\000e\000l\000o\000p\000m\000e\000n\000t\000\040\000E\000n\000v\000i\000r\000o\000n\000m\000e\000n\000t}{section.2.3}% 31
\BOOKMARK [2][-]{subsection.2.3.3}{\376\377\000S\000u\000p\000p\000o\000r\000t\000i\000n\000g\000\040\000S\000o\000f\000t\000w\000a\000r\000e}{section.2.3}% 32
\BOOKMARK [1][-]{section.2.4}{\376\377\000P\000h\000y\000s\000i\000c\000a\000l\000\040\000A\000r\000c\000h\000i\000t\000e\000c\000t\000u\000r\000e}{chapter.2}% 33
\BOOKMARK [2][-]{subsection.2.4.1}{\376\377\000R\000u\000n\000t\000i\000m\000e\000\040\000N\000o\000d\000e\000s}{section.2.4}% 34
\BOOKMARK [1][-]{section.2.5}{\376\377\000L\000o\000g\000i\000c\000a\000l\000\040\000A\000r\000c\000h\000i\000t\000e\000c\000t\000u\000r\000e}{chapter.2}% 35
\BOOKMARK [2][-]{subsection.2.5.1}{\376\377\000M\000i\000c\000r\000o\000s\000e\000r\000v\000i\000c\000e\000s\000\040\000A\000r\000c\000h\000i\000t\000e\000c\000t\000u\000r\000e}{section.2.5}% 36
\BOOKMARK [2][-]{subsection.2.5.2}{\376\377\000F\000r\000o\000n\000t\000e\000n\000d\000\040\000A\000r\000c\000h\000i\000t\000e\000c\000t\000u\000r\000e\000\040\000\050\000A\000n\000g\000u\000l\000a\000r\000\051}{section.2.5}% 37
\BOOKMARK [2][-]{subsection.2.5.3}{\376\377\000I\000n\000t\000e\000r\000-\000s\000e\000r\000v\000i\000c\000e\000\040\000C\000o\000m\000m\000u\000n\000i\000c\000a\000t\000i\000o\000n}{section.2.5}% 38
\BOOKMARK [1][-]{section.2.6}{\376\377\000C\000h\000a\000p\000t\000e\000r\000\040\000C\000o\000n\000c\000l\000u\000s\000i\000o\000n}{chapter.2}% 39
\BOOKMARK [0][-]{chapter.3}{\376\377\000A\000n\000a\000l\000y\000s\000i\000s\000\040\000a\000n\000d\000\040\000R\000e\000q\000u\000i\000r\000e\000m\000e\000n\000t\000s\000\040\000S\000p\000e\000c\000i\000f\000i\000c\000a\000t\000i\000o\000n}{}% 40
\BOOKMARK [1][-]{section.3.1}{\376\377\000I\000n\000t\000r\000o\000d\000u\000c\000t\000i\000o\000n}{chapter.3}% 41
\BOOKMARK [1][-]{section.3.2}{\376\377\000C\000a\000p\000t\000u\000r\000i\000n\000g\000\040\000N\000e\000e\000d\000s}{chapter.3}% 42
\BOOKMARK [2][-]{subsection.3.2.1}{\376\377\000A\000c\000t\000o\000r\000s\000\040\000I\000d\000e\000n\000t\000i\000f\000i\000c\000a\000t\000i\000o\000n}{section.3.2}% 43
\BOOKMARK [2][-]{subsection.3.2.2}{\376\377\000R\000o\000l\000e\000\040\000C\000o\000d\000e\000s\000\040\000a\000n\000d\000\040\000A\000c\000c\000e\000s\000s\000\040\000S\000c\000o\000p\000e}{section.3.2}% 44
\BOOKMARK [2][-]{subsection.3.2.3}{\376\377\000R\000e\000q\000u\000i\000r\000e\000m\000e\000n\000t\000\040\000I\000d\000e\000n\000t\000i\000f\000i\000c\000a\000t\000i\000o\000n}{section.3.2}% 45
\BOOKMARK [3][-]{subsubsection.3.2.3.1}{\376\377\000F\000u\000n\000c\000t\000i\000o\000n\000a\000l\000\040\000R\000e\000q\000u\000i\000r\000e\000m\000e\000n\000t\000s}{subsection.3.2.3}% 46
\BOOKMARK [3][-]{subsubsection.3.2.3.2}{\376\377\000N\000o\000n\000-\000F\000u\000n\000c\000t\000i\000o\000n\000a\000l\000\040\000R\000e\000q\000u\000i\000r\000e\000m\000e\000n\000t\000s}{subsection.3.2.3}% 47
\BOOKMARK [2][-]{subsection.3.2.4}{\376\377\000U\000s\000e\000\040\000C\000a\000s\000e\000s\000\040\000b\000y\000\040\000A\000c\000t\000o\000r}{section.3.2}% 48
\BOOKMARK [2][-]{subsection.3.2.5}{\376\377\000U\000s\000e\000\040\000C\000a\000s\000e\000\040\000D\000i\000a\000g\000r\000a\000m\000s}{section.3.2}% 49
\BOOKMARK [1][-]{section.3.3}{\376\377\000G\000l\000o\000b\000a\000l\000\040\000U\000s\000e\000\040\000D\000i\000a\000g\000r\000a\000m}{chapter.3}% 50
\BOOKMARK [1][-]{section.3.4}{\376\377\000S\000C\000R\000U\000M\000\040\000M\000a\000n\000a\000g\000e\000m\000e\000n\000t}{chapter.3}% 51
\BOOKMARK [2][-]{subsection.3.4.1}{\376\377\000T\000e\000a\000m\000\040\000R\000o\000l\000e\000s}{section.3.4}% 52
\BOOKMARK [2][-]{subsection.3.4.2}{\376\377\000P\000r\000o\000d\000u\000c\000t\000\040\000B\000a\000c\000k\000l\000o\000g}{section.3.4}% 53
\BOOKMARK [1][-]{section.3.5}{\376\377\000C\000h\000a\000p\000t\000e\000r\000\040\000C\000o\000n\000c\000l\000u\000s\000i\000o\000n}{chapter.3}% 54
\BOOKMARK [0][-]{chapter.4}{\376\377\000S\000p\000r\000i\000n\000t\000\040\0001\000:\000\040\000F\000o\000u\000n\000d\000a\000t\000i\000o\000n\000\040\000a\000n\000d\000\040\000C\000o\000r\000e\000\040\000I\000n\000f\000r\000a\000s\000t\000r\000u\000c\000t\000u\000r\000e}{}% 55
\BOOKMARK [1][-]{section.4.1}{\376\377\000I\000n\000t\000r\000o\000d\000u\000c\000t\000i\000o\000n}{chapter.4}% 56
\BOOKMARK [1][-]{section.4.2}{\376\377\000P\000r\000e\000v\000i\000e\000w\000\040\000o\000f\000\040\000S\000p\000r\000i\000n\000t}{chapter.4}% 57
\BOOKMARK [2][-]{subsection.4.2.1}{\376\377\000S\000p\000r\000i\000n\000t\000\040\000O\000b\000j\000e\000c\000t\000i\000v\000e\000s}{section.4.2}% 58
\BOOKMARK [2][-]{subsection.4.2.2}{\376\377\000S\000p\000r\000i\000n\000t\000\040\000S\000c\000o\000p\000e\000\040\000S\000t\000a\000t\000e\000m\000e\000n\000t}{section.4.2}% 59
\BOOKMARK [1][-]{section.4.3}{\376\377\000S\000p\000r\000i\000n\000t\000\040\000B\000a\000c\000k\000l\000o\000g}{chapter.4}% 60
\BOOKMARK [1][-]{section.4.4}{\376\377\000F\000u\000n\000c\000t\000i\000o\000n\000a\000l\000\040\000S\000p\000e\000c\000i\000f\000i\000c\000a\000t\000i\000o\000n\000s}{chapter.4}% 61
\BOOKMARK [2][-]{subsection.4.4.1}{\376\377\000D\000e\000t\000a\000i\000l\000e\000d\000\040\000U\000s\000e\000\040\000C\000a\000s\000e\000s}{section.4.4}% 62
\BOOKMARK [2][-]{subsection.4.4.2}{\376\377\000T\000e\000x\000t\000u\000a\000l\000\040\000S\000p\000e\000c\000i\000f\000i\000c\000a\000t\000i\000o\000n\000s}{section.4.4}% 63
\BOOKMARK [1][-]{section.4.5}{\376\377\000C\000o\000n\000c\000e\000p\000t\000i\000o\000n}{chapter.4}% 64
\BOOKMARK [2][-]{subsection.4.5.1}{\376\377\000S\000e\000q\000u\000e\000n\000c\000e\000\040\000D\000i\000a\000g\000r\000a\000m\000\040\000\050\000P\000l\000a\000c\000e\000h\000o\000l\000d\000e\000r\000\051}{section.4.5}% 65
\BOOKMARK [2][-]{subsection.4.5.2}{\376\377\000C\000l\000a\000s\000s\000\040\000D\000i\000a\000g\000r\000a\000m\000\040\000\050\000P\000l\000a\000c\000e\000h\000o\000l\000d\000e\000r\000\051}{section.4.5}% 66
\BOOKMARK [1][-]{section.4.6}{\376\377\000R\000e\000a\000l\000i\000z\000a\000t\000i\000o\000n}{chapter.4}% 67
\BOOKMARK [2][-]{subsection.4.6.1}{\376\377\000B\000a\000c\000k\000e\000n\000d\000\040\000I\000m\000p\000l\000e\000m\000e\000n\000t\000a\000t\000i\000o\000n\000\040\000D\000e\000t\000a\000i\000l\000s\000\040\000\050\000S\000p\000r\000i\000n\000g\000\040\000B\000o\000o\000t\000\051}{section.4.6}% 68
\BOOKMARK [2][-]{subsection.4.6.2}{\376\377\000F\000r\000o\000n\000t\000e\000n\000d\000\040\000I\000m\000p\000l\000e\000m\000e\000n\000t\000a\000t\000i\000o\000n\000\040\000\050\000A\000n\000g\000u\000l\000a\000r\000\051}{section.4.6}% 69
\BOOKMARK [2][-]{subsection.4.6.3}{\376\377\000M\000o\000b\000i\000l\000e\000\040\000I\000m\000p\000l\000e\000m\000e\000n\000t\000a\000t\000i\000o\000n\000\040\000\050\000F\000l\000u\000t\000t\000e\000r\000\040\000+\000\040\000B\000L\000o\000C\000\051}{section.4.6}% 70
\BOOKMARK [2][-]{subsection.4.6.4}{\376\377\000D\000a\000t\000a\000b\000a\000s\000e\000\040\000D\000e\000s\000i\000g\000n\000\040\000\050\000P\000o\000s\000t\000g\000r\000e\000S\000Q\000L\000\051}{section.4.6}% 71
\BOOKMARK [2][-]{subsection.4.6.5}{\376\377\000A\000P\000I\000\040\000a\000n\000d\000\040\000E\000n\000d\000p\000o\000i\000n\000t\000\040\000S\000u\000m\000m\000a\000r\000y}{section.4.6}% 72
\BOOKMARK [1][-]{section.4.7}{\376\377\000C\000o\000n\000c\000l\000u\000s\000i\000o\000n}{chapter.4}% 73
\BOOKMARK [0][-]{chapter.5}{\376\377\000S\000p\000r\000i\000n\000t\000\040\0002\000:\000\040\000R\000a\000p\000p\000o\000r\000t\000\040\000R\000e\000q\000u\000e\000s\000t\000\040\000a\000n\000d\000\040\000F\000o\000r\000m\000\040\000T\000e\000m\000p\000l\000a\000t\000e\000s}{}% 74
\BOOKMARK [1][-]{section.5.1}{\376\377\000I\000n\000t\000r\000o\000d\000u\000c\000t\000i\000o\000n}{chapter.5}% 75
\BOOKMARK [1][-]{section.5.2}{\376\377\000P\000r\000e\000v\000i\000e\000w\000\040\000o\000f\000\040\000S\000p\000r\000i\000n\000t}{chapter.5}% 76
\BOOKMARK [2][-]{subsection.5.2.1}{\376\377\000S\000p\000r\000i\000n\000t\000\040\000O\000b\000j\000e\000c\000t\000i\000v\000e\000s}{section.5.2}% 77
\BOOKMARK [2][-]{subsection.5.2.2}{\376\377\000B\000u\000s\000i\000n\000e\000s\000s\000\040\000V\000a\000l\000u\000e\000\040\000S\000t\000a\000t\000e\000m\000e\000n\000t}{section.5.2}% 78
\BOOKMARK [1][-]{section.5.3}{\376\377\000S\000p\000r\000i\000n\000t\000\040\000B\000a\000c\000k\000l\000o\000g}{chapter.5}% 79
\BOOKMARK [1][-]{section.5.4}{\376\377\000F\000u\000n\000c\000t\000i\000o\000n\000a\000l\000\040\000S\000p\000e\000c\000i\000f\000i\000c\000a\000t\000i\000o\000n\000s}{chapter.5}% 80
\BOOKMARK [2][-]{subsection.5.4.1}{\376\377\000D\000e\000t\000a\000i\000l\000e\000d\000\040\000U\000s\000e\000\040\000C\000a\000s\000e\000s}{section.5.4}% 81
\BOOKMARK [2][-]{subsection.5.4.2}{\376\377\000T\000e\000x\000t\000u\000a\000l\000\040\000S\000p\000e\000c\000i\000f\000i\000c\000a\000t\000i\000o\000n\000s}{section.5.4}% 82
\BOOKMARK [1][-]{section.5.5}{\376\377\000C\000o\000n\000c\000e\000p\000t\000i\000o\000n}{chapter.5}% 83
\BOOKMARK [2][-]{subsection.5.5.1}{\376\377\000S\000e\000q\000u\000e\000n\000c\000e\000\040\000D\000i\000a\000g\000r\000a\000m\000\040\000\050\000P\000l\000a\000c\000e\000h\000o\000l\000d\000e\000r\000\051}{section.5.5}% 84
\BOOKMARK [2][-]{subsection.5.5.2}{\376\377\000C\000l\000a\000s\000s\000\040\000D\000i\000a\000g\000r\000a\000m\000\040\000\050\000P\000l\000a\000c\000e\000h\000o\000l\000d\000e\000r\000\051}{section.5.5}% 85
\BOOKMARK [1][-]{section.5.6}{\376\377\000R\000e\000a\000l\000i\000z\000a\000t\000i\000o\000n}{chapter.5}% 86
\BOOKMARK [2][-]{subsection.5.6.1}{\376\377\000B\000a\000c\000k\000e\000n\000d\000\040\000I\000m\000p\000l\000e\000m\000e\000n\000t\000a\000t\000i\000o\000n\000\040\000D\000e\000t\000a\000i\000l\000s\000\040\000\050\000S\000p\000r\000i\000n\000g\000\040\000B\000o\000o\000t\000\051}{section.5.6}% 87
\BOOKMARK [2][-]{subsection.5.6.2}{\376\377\000F\000r\000o\000n\000t\000e\000n\000d\000\040\000I\000m\000p\000l\000e\000m\000e\000n\000t\000a\000t\000i\000o\000n\000\040\000\050\000A\000n\000g\000u\000l\000a\000r\000\051}{section.5.6}% 88
\BOOKMARK [2][-]{subsection.5.6.3}{\376\377\000M\000o\000b\000i\000l\000e\000\040\000I\000m\000p\000l\000e\000m\000e\000n\000t\000a\000t\000i\000o\000n\000\040\000\050\000F\000l\000u\000t\000t\000e\000r\000\051}{section.5.6}% 89
\BOOKMARK [2][-]{subsection.5.6.4}{\376\377\000D\000a\000t\000a\000b\000a\000s\000e\000\040\000D\000e\000s\000i\000g\000n\000\040\000\050\000P\000o\000s\000t\000g\000r\000e\000S\000Q\000L\000\051}{section.5.6}% 90
\BOOKMARK [2][-]{subsection.5.6.5}{\376\377\000A\000P\000I\000\040\000a\000n\000d\000\040\000E\000n\000d\000p\000o\000i\000n\000t\000\040\000S\000u\000m\000m\000a\000r\000y}{section.5.6}% 91
\BOOKMARK [1][-]{section.5.7}{\376\377\000C\000o\000n\000c\000l\000u\000s\000i\000o\000n}{chapter.5}% 92
\BOOKMARK [0][-]{chapter.6}{\376\377\000S\000p\000r\000i\000n\000t\000\040\0003\000:\000\040\000F\000i\000l\000e\000\040\000M\000a\000n\000a\000g\000e\000m\000e\000n\000t\000\040\000a\000n\000d\000\040\000G\000e\000o\000l\000o\000c\000a\000t\000i\000o\000n\000\040\000T\000r\000a\000c\000k\000i\000n\000g}{}% 93
\BOOKMARK [1][-]{section.6.1}{\376\377\000I\000n\000t\000r\000o\000d\000u\000c\000t\000i\000o\000n}{chapter.6}% 94
\BOOKMARK [1][-]{section.6.2}{\376\377\000S\000p\000r\000i\000n\000t\000\040\000P\000r\000e\000v\000i\000e\000w\000\040\000a\000n\000d\000\040\000O\000b\000j\000e\000c\000t\000i\000v\000e\000s}{chapter.6}% 95
\BOOKMARK [2][-]{subsection.6.2.1}{\376\377\000U\000s\000e\000r\000\040\000S\000t\000o\000r\000i\000e\000s}{section.6.2}% 96
\BOOKMARK [2][-]{subsection.6.2.2}{\376\377\000S\000p\000r\000i\000n\000t\000\040\000G\000o\000a\000l\000s}{section.6.2}% 97
\BOOKMARK [1][-]{section.6.3}{\376\377\000S\000p\000r\000i\000n\000t\000\040\000B\000a\000c\000k\000l\000o\000g}{chapter.6}% 98
\BOOKMARK [1][-]{section.6.4}{\376\377\000F\000u\000n\000c\000t\000i\000o\000n\000a\000l\000\040\000S\000p\000e\000c\000i\000f\000i\000c\000a\000t\000i\000o\000n}{chapter.6}% 99
\BOOKMARK [2][-]{subsection.6.4.1}{\376\377\000U\000s\000e\000\040\000C\000a\000s\000e\000s}{section.6.4}% 100
\BOOKMARK [1][-]{section.6.5}{\376\377\000C\000o\000n\000c\000e\000p\000t\000i\000o\000n}{chapter.6}% 101
\BOOKMARK [2][-]{subsection.6.5.1}{\376\377\000C\000l\000a\000s\000s\000\040\000D\000i\000a\000g\000r\000a\000m}{section.6.5}% 102
\BOOKMARK [1][-]{section.6.6}{\376\377\000R\000e\000a\000l\000i\000z\000a\000t\000i\000o\000n}{chapter.6}% 103
\BOOKMARK [2][-]{subsection.6.6.1}{\376\377\000B\000a\000c\000k\000e\000n\000d\000\040\000I\000m\000p\000l\000e\000m\000e\000n\000t\000a\000t\000i\000o\000n}{section.6.6}% 104
\BOOKMARK [2][-]{subsection.6.6.2}{\376\377\000M\000o\000b\000i\000l\000e\000\040\000I\000m\000p\000l\000e\000m\000e\000n\000t\000a\000t\000i\000o\000n}{section.6.6}% 105
\BOOKMARK [1][-]{section.6.7}{\376\377\000T\000e\000s\000t\000s\000\040\000a\000n\000d\000\040\000V\000a\000l\000i\000d\000a\000t\000i\000o\000n}{chapter.6}% 106
\BOOKMARK [2][-]{subsubsection.6.7.0.1}{\376\377\000F\000i\000l\000e\000\040\000U\000p\000l\000o\000a\000d\000\040\000T\000e\000s\000t\000s}{section.6.7}% 107
\BOOKMARK [1][-]{section.6.8}{\376\377\000C\000o\000n\000c\000l\000u\000s\000i\000o\000n}{chapter.6}% 108
\BOOKMARK [0][-]{chapter.7}{\376\377\000S\000p\000r\000i\000n\000t\000\040\0004\000:\000\040\000A\000p\000p\000r\000o\000v\000a\000l\000\040\000W\000o\000r\000k\000f\000l\000o\000w\000\040\000a\000n\000d\000\040\000S\000t\000a\000t\000u\000s\000\040\000M\000a\000n\000a\000g\000e\000m\000e\000n\000t}{}% 109
\BOOKMARK [1][-]{section.7.1}{\376\377\000I\000n\000t\000r\000o\000d\000u\000c\000t\000i\000o\000n}{chapter.7}% 110
\BOOKMARK [1][-]{section.7.2}{\376\377\000S\000p\000r\000i\000n\000t\000\040\000P\000r\000e\000v\000i\000e\000w\000\040\000a\000n\000d\000\040\000O\000b\000j\000e\000c\000t\000i\000v\000e\000s}{chapter.7}% 111
\BOOKMARK [2][-]{subsection.7.2.1}{\376\377\000U\000s\000e\000r\000\040\000S\000t\000o\000r\000i\000e\000s}{section.7.2}% 112
\BOOKMARK [2][-]{subsection.7.2.2}{\376\377\000S\000p\000r\000i\000n\000t\000\040\000G\000o\000a\000l\000s}{section.7.2}% 113
\BOOKMARK [1][-]{section.7.3}{\376\377\000S\000p\000r\000i\000n\000t\000\040\000B\000a\000c\000k\000l\000o\000g}{chapter.7}% 114
\BOOKMARK [1][-]{section.7.4}{\376\377\000F\000u\000n\000c\000t\000i\000o\000n\000a\000l\000\040\000S\000p\000e\000c\000i\000f\000i\000c\000a\000t\000i\000o\000n}{chapter.7}% 115
\BOOKMARK [2][-]{subsection.7.4.1}{\376\377\000I\000n\000t\000e\000r\000v\000e\000n\000t\000i\000o\000n\000\040\000S\000t\000a\000t\000u\000s\000\040\000L\000i\000f\000e\000c\000y\000c\000l\000e}{section.7.4}% 116
\BOOKMARK [1][-]{section.7.5}{\376\377\000C\000o\000n\000c\000e\000p\000t\000i\000o\000n}{chapter.7}% 117
\BOOKMARK [2][-]{subsection.7.5.1}{\376\377\000C\000l\000a\000s\000s\000\040\000D\000i\000a\000g\000r\000a\000m}{section.7.5}% 118
\BOOKMARK [1][-]{section.7.6}{\376\377\000R\000e\000a\000l\000i\000z\000a\000t\000i\000o\000n}{chapter.7}% 119
\BOOKMARK [2][-]{subsection.7.6.1}{\376\377\000B\000a\000c\000k\000e\000n\000d\000\040\000I\000m\000p\000l\000e\000m\000e\000n\000t\000a\000t\000i\000o\000n}{section.7.6}% 120
\BOOKMARK [2][-]{subsection.7.6.2}{\376\377\000F\000r\000o\000n\000t\000e\000n\000d\000\040\000I\000m\000p\000l\000e\000m\000e\000n\000t\000a\000t\000i\000o\000n}{section.7.6}% 121
\BOOKMARK [1][-]{section.7.7}{\376\377\000T\000e\000s\000t\000s\000\040\000a\000n\000d\000\040\000V\000a\000l\000i\000d\000a\000t\000i\000o\000n}{chapter.7}% 122
\BOOKMARK [2][-]{subsubsection.7.7.0.1}{\376\377\000A\000p\000p\000r\000o\000v\000a\000l\000\040\000W\000o\000r\000k\000f\000l\000o\000w\000\040\000T\000e\000s\000t\000s}{section.7.7}% 123
\BOOKMARK [1][-]{section.7.8}{\376\377\000C\000o\000n\000c\000l\000u\000s\000i\000o\000n}{chapter.7}% 124
\BOOKMARK [0][-]{chapter.8}{\376\377\000S\000p\000r\000i\000n\000t\000\040\0005\000:\000\040\000E\000x\000c\000e\000l\000\040\000R\000e\000p\000o\000r\000t\000\040\000G\000e\000n\000e\000r\000a\000t\000i\000o\000n\000\040\000a\000n\000d\000\040\000S\000y\000s\000t\000e\000m\000\040\000O\000p\000t\000i\000m\000i\000z\000a\000t\000i\000o\000n}{}% 125
\BOOKMARK [1][-]{section.8.1}{\376\377\000I\000n\000t\000r\000o\000d\000u\000c\000t\000i\000o\000n}{chapter.8}% 126
\BOOKMARK [1][-]{section.8.2}{\376\377\000S\000p\000r\000i\000n\000t\000\040\000P\000r\000e\000v\000i\000e\000w\000\040\000a\000n\000d\000\040\000O\000b\000j\000e\000c\000t\000i\000v\000e\000s}{chapter.8}% 127
\BOOKMARK [2][-]{subsection.8.2.1}{\376\377\000U\000s\000e\000r\000\040\000S\000t\000o\000r\000i\000e\000s}{section.8.2}% 128
\BOOKMARK [2][-]{subsection.8.2.2}{\376\377\000S\000p\000r\000i\000n\000t\000\040\000G\000o\000a\000l\000s}{section.8.2}% 129
\BOOKMARK [1][-]{section.8.3}{\376\377\000S\000p\000r\000i\000n\000t\000\040\000B\000a\000c\000k\000l\000o\000g}{chapter.8}% 130
\BOOKMARK [1][-]{section.8.4}{\376\377\000F\000u\000n\000c\000t\000i\000o\000n\000a\000l\000\040\000S\000p\000e\000c\000i\000f\000i\000c\000a\000t\000i\000o\000n}{chapter.8}% 131
\BOOKMARK [2][-]{subsection.8.4.1}{\376\377\000R\000e\000p\000o\000r\000t\000\040\000G\000e\000n\000e\000r\000a\000t\000i\000o\000n\000\040\000P\000r\000o\000c\000e\000s\000s}{section.8.4}% 132
\BOOKMARK [2][-]{subsection.8.4.2}{\376\377\000R\000e\000p\000o\000r\000t\000\040\000T\000y\000p\000e\000s}{section.8.4}% 133
\BOOKMARK [1][-]{section.8.5}{\376\377\000C\000o\000n\000c\000e\000p\000t\000i\000o\000n}{chapter.8}% 134
\BOOKMARK [2][-]{subsection.8.5.1}{\376\377\000C\000l\000a\000s\000s\000\040\000D\000i\000a\000g\000r\000a\000m}{section.8.5}% 135
\BOOKMARK [1][-]{section.8.6}{\376\377\000R\000e\000a\000l\000i\000z\000a\000t\000i\000o\000n}{chapter.8}% 136
\BOOKMARK [2][-]{subsection.8.6.1}{\376\377\000B\000a\000c\000k\000e\000n\000d\000\040\000I\000m\000p\000l\000e\000m\000e\000n\000t\000a\000t\000i\000o\000n}{section.8.6}% 137
\BOOKMARK [2][-]{subsection.8.6.2}{\376\377\000P\000e\000r\000f\000o\000r\000m\000a\000n\000c\000e\000\040\000O\000p\000t\000i\000m\000i\000z\000a\000t\000i\000o\000n}{section.8.6}% 138
\BOOKMARK [1][-]{section.8.7}{\376\377\000T\000e\000s\000t\000s\000\040\000a\000n\000d\000\040\000V\000a\000l\000i\000d\000a\000t\000i\000o\000n}{chapter.8}% 139
\BOOKMARK [2][-]{subsubsection.8.7.0.1}{\376\377\000R\000e\000p\000o\000r\000t\000\040\000G\000e\000n\000e\000r\000a\000t\000i\000o\000n\000\040\000T\000e\000s\000t\000s}{section.8.7}% 140
\BOOKMARK [3][-]{subsubsection.8.7.0.2}{\376\377\000P\000e\000r\000f\000o\000r\000m\000a\000n\000c\000e\000\040\000T\000e\000s\000t\000s}{subsubsection.8.7.0.1}% 141
\BOOKMARK [1][-]{section.8.8}{\376\377\000S\000y\000s\000t\000e\000m\000\040\000M\000e\000t\000r\000i\000c\000s\000\040\000a\000n\000d\000\040\000M\000o\000n\000i\000t\000o\000r\000i\000n\000g}{chapter.8}% 142
\BOOKMARK [1][-]{section.8.9}{\376\377\000C\000o\000n\000c\000l\000u\000s\000i\000o\000n}{chapter.8}% 143
\BOOKMARK [0][-]{chapter*.46}{\376\377\000G\000e\000n\000e\000r\000a\000l\000\040\000C\000o\000n\000c\000l\000u\000s\000i\000o\000n}{}% 144
\BOOKMARK [0][-]{appendix.A}{\376\377\000C\000o\000d\000e\000\040\000S\000a\000m\000p\000l\000e\000s}{}% 145
\BOOKMARK [1][-]{section.A.1}{\376\377\000B\000a\000c\000k\000e\000n\000d\000\040\000C\000o\000d\000e\000\040\000S\000a\000m\000p\000l\000e\000s}{appendix.A}% 146
\BOOKMARK [2][-]{subsection.A.1.1}{\376\377\000J\000W\000T\000\040\000A\000u\000t\000h\000e\000n\000t\000i\000c\000a\000t\000i\000o\000n\000\040\000I\000m\000p\000l\000e\000m\000e\000n\000t\000a\000t\000i\000o\000n}{section.A.1}% 147
\BOOKMARK [2][-]{subsection.A.1.2}{\376\377\000J\000S\000O\000N\000B\000\040\000E\000n\000t\000i\000t\000y\000\040\000M\000a\000p\000p\000i\000n\000g}{section.A.1}% 148
\BOOKMARK [1][-]{section.A.2}{\376\377\000F\000r\000o\000n\000t\000e\000n\000d\000\040\000C\000o\000d\000e\000\040\000S\000a\000m\000p\000l\000e\000s}{appendix.A}% 149
\BOOKMARK [2][-]{subsection.A.2.1}{\376\377\000A\000n\000g\000u\000l\000a\000r\000\040\000A\000u\000t\000h\000e\000n\000t\000i\000c\000a\000t\000i\000o\000n\000\040\000S\000e\000r\000v\000i\000c\000e}{section.A.2}% 150
\BOOKMARK [1][-]{section.A.3}{\376\377\000M\000o\000b\000i\000l\000e\000\040\000C\000o\000d\000e\000\040\000S\000a\000m\000p\000l\000e\000s}{appendix.A}% 151
\BOOKMARK [2][-]{subsection.A.3.1}{\376\377\000F\000l\000u\000t\000t\000e\000r\000\040\000B\000L\000o\000C\000\040\000I\000m\000p\000l\000e\000m\000e\000n\000t\000a\000t\000i\000o\000n}{section.A.3}% 152
\BOOKMARK [2][-]{subsection.A.3.2}{\376\377\000D\000y\000n\000a\000m\000i\000c\000\040\000F\000o\000r\000m\000\040\000W\000i\000d\000g\000e\000t}{section.A.3}% 153
\BOOKMARK [0][-]{appendix.B}{\376\377\000D\000e\000t\000a\000i\000l\000e\000d\000\040\000D\000i\000a\000g\000r\000a\000m\000s}{}% 154
\BOOKMARK [1][-]{section.B.1}{\376\377\000S\000y\000s\000t\000e\000m\000\040\000A\000r\000c\000h\000i\000t\000e\000c\000t\000u\000r\000e\000\040\000D\000i\000a\000g\000r\000a\000m\000s}{appendix.B}% 155
\BOOKMARK [2][-]{subsection.B.1.1}{\376\377\000C\000o\000m\000p\000l\000e\000t\000e\000\040\000S\000y\000s\000t\000e\000m\000\040\000A\000r\000c\000h\000i\000t\000e\000c\000t\000u\000r\000e}{section.B.1}% 156
\BOOKMARK [2][-]{subsection.B.1.2}{\376\377\000D\000a\000t\000a\000b\000a\000s\000e\000\040\000S\000c\000h\000e\000m\000a\000\040\000D\000i\000a\000g\000r\000a\000m}{section.B.1}% 157
\BOOKMARK [1][-]{section.B.2}{\376\377\000U\000s\000e\000\040\000C\000a\000s\000e\000\040\000D\000i\000a\000g\000r\000a\000m\000s}{appendix.B}% 158
\BOOKMARK [2][-]{subsection.B.2.1}{\376\377\000C\000o\000m\000p\000l\000e\000t\000e\000\040\000S\000y\000s\000t\000e\000m\000\040\000U\000s\000e\000\040\000C\000a\000s\000e\000\040\000D\000i\000a\000g\000r\000a\000m}{section.B.2}% 159
\BOOKMARK [1][-]{section.B.3}{\376\377\000S\000e\000q\000u\000e\000n\000c\000e\000\040\000D\000i\000a\000g\000r\000a\000m\000s}{appendix.B}% 160
\BOOKMARK [2][-]{subsection.B.3.1}{\376\377\000A\000u\000t\000h\000e\000n\000t\000i\000c\000a\000t\000i\000o\000n\000\040\000F\000l\000o\000w\000\040\000S\000e\000q\000u\000e\000n\000c\000e\000\040\000D\000i\000a\000g\000r\000a\000m}{section.B.3}% 161
\BOOKMARK [1][-]{section.B.4}{\376\377\000S\000t\000a\000t\000e\000\040\000D\000i\000a\000g\000r\000a\000m\000s}{appendix.B}% 162
\BOOKMARK [2][-]{subsection.B.4.1}{\376\377\000I\000n\000t\000e\000r\000v\000e\000n\000t\000i\000o\000n\000\040\000L\000i\000f\000e\000c\000y\000c\000l\000e\000\040\000S\000t\000a\000t\000e\000\040\000D\000i\000a\000g\000r\000a\000m}{section.B.4}% 163
\BOOKMARK [0][-]{appendix.C}{\376\377\000T\000e\000s\000t\000i\000n\000g\000\040\000D\000o\000c\000u\000m\000e\000n\000t\000a\000t\000i\000o\000n}{}% 164
\BOOKMARK [1][-]{section.C.1}{\376\377\000T\000e\000s\000t\000i\000n\000g\000\040\000S\000t\000r\000a\000t\000e\000g\000y}{appendix.C}% 165
\BOOKMARK [2][-]{subsection.C.1.1}{\376\377\000T\000e\000s\000t\000i\000n\000g\000\040\000P\000y\000r\000a\000m\000i\000d}{section.C.1}% 166
\BOOKMARK [1][-]{section.C.2}{\376\377\000B\000a\000c\000k\000e\000n\000d\000\040\000T\000e\000s\000t\000i\000n\000g}{appendix.C}% 167
\BOOKMARK [2][-]{subsection.C.2.1}{\376\377\000U\000n\000i\000t\000\040\000T\000e\000s\000t\000i\000n\000g\000\040\000w\000i\000t\000h\000\040\000J\000U\000n\000i\000t}{section.C.2}% 168
\BOOKMARK [3][-]{subsubsection.C.2.1.1}{\376\377\000S\000e\000r\000v\000i\000c\000e\000\040\000L\000a\000y\000e\000r\000\040\000T\000e\000s\000t\000i\000n\000g}{subsection.C.2.1}% 169
\BOOKMARK [3][-]{subsubsection.C.2.1.2}{\376\377\000C\000o\000n\000t\000r\000o\000l\000l\000e\000r\000\040\000T\000e\000s\000t\000i\000n\000g\000\040\000w\000i\000t\000h\000\040\000M\000o\000c\000k\000M\000v\000c}{subsection.C.2.1}% 170
\BOOKMARK [2][-]{subsection.C.2.2}{\376\377\000I\000n\000t\000e\000g\000r\000a\000t\000i\000o\000n\000\040\000T\000e\000s\000t\000i\000n\000g}{section.C.2}% 171
\BOOKMARK [3][-]{subsubsection.C.2.2.1}{\376\377\000D\000a\000t\000a\000b\000a\000s\000e\000\040\000I\000n\000t\000e\000g\000r\000a\000t\000i\000o\000n\000\040\000T\000e\000s\000t\000s}{subsection.C.2.2}% 172
\BOOKMARK [1][-]{section.C.3}{\376\377\000F\000r\000o\000n\000t\000e\000n\000d\000\040\000T\000e\000s\000t\000i\000n\000g}{appendix.C}% 173
\BOOKMARK [2][-]{subsection.C.3.1}{\376\377\000A\000n\000g\000u\000l\000a\000r\000\040\000C\000o\000m\000p\000o\000n\000e\000n\000t\000\040\000T\000e\000s\000t\000i\000n\000g}{section.C.3}% 174
\BOOKMARK [2][-]{subsection.C.3.2}{\376\377\000A\000n\000g\000u\000l\000a\000r\000\040\000S\000e\000r\000v\000i\000c\000e\000\040\000T\000e\000s\000t\000i\000n\000g}{section.C.3}% 175
\BOOKMARK [1][-]{section.C.4}{\376\377\000M\000o\000b\000i\000l\000e\000\040\000T\000e\000s\000t\000i\000n\000g}{appendix.C}% 176
\BOOKMARK [2][-]{subsection.C.4.1}{\376\377\000F\000l\000u\000t\000t\000e\000r\000\040\000W\000i\000d\000g\000e\000t\000\040\000T\000e\000s\000t\000i\000n\000g}{section.C.4}% 177
\BOOKMARK [2][-]{subsection.C.4.2}{\376\377\000F\000l\000u\000t\000t\000e\000r\000\040\000B\000L\000o\000C\000\040\000T\000e\000s\000t\000i\000n\000g}{section.C.4}% 178
\BOOKMARK [1][-]{section.C.5}{\376\377\000E\000n\000d\000-\000t\000o\000-\000E\000n\000d\000\040\000T\000e\000s\000t\000i\000n\000g}{appendix.C}% 179
\BOOKMARK [2][-]{subsection.C.5.1}{\376\377\000A\000P\000I\000\040\000T\000e\000s\000t\000i\000n\000g\000\040\000w\000i\000t\000h\000\040\000P\000o\000s\000t\000m\000a\000n\000/\000N\000e\000w\000m\000a\000n}{section.C.5}% 180
\BOOKMARK [3][-]{subsubsection.C.5.1.1}{\376\377\000A\000u\000t\000h\000e\000n\000t\000i\000c\000a\000t\000i\000o\000n\000\040\000T\000e\000s\000t\000\040\000S\000u\000i\000t\000e}{subsection.C.5.1}% 181
\BOOKMARK [1][-]{section.C.6}{\376\377\000P\000e\000r\000f\000o\000r\000m\000a\000n\000c\000e\000\040\000T\000e\000s\000t\000i\000n\000g}{appendix.C}% 182
\BOOKMARK [2][-]{subsection.C.6.1}{\376\377\000J\000M\000e\000t\000e\000r\000\040\000T\000e\000s\000t\000\040\000P\000l\000a\000n}{section.C.6}% 183
\BOOKMARK [3][-]{subsubsection.C.6.1.1}{\376\377\000A\000u\000t\000h\000e\000n\000t\000i\000c\000a\000t\000i\000o\000n\000\040\000L\000o\000a\000d\000\040\000T\000e\000s\000t}{subsection.C.6.1}% 184
\BOOKMARK [1][-]{section.C.7}{\376\377\000T\000e\000s\000t\000\040\000R\000e\000s\000u\000l\000t\000s\000\040\000a\000n\000d\000\040\000C\000o\000v\000e\000r\000a\000g\000e}{appendix.C}% 185
\BOOKMARK [2][-]{subsection.C.7.1}{\376\377\000C\000o\000d\000e\000\040\000C\000o\000v\000e\000r\000a\000g\000e\000\040\000R\000e\000p\000o\000r\000t}{section.C.7}% 186
\BOOKMARK [2][-]{subsection.C.7.2}{\376\377\000P\000e\000r\000f\000o\000r\000m\000a\000n\000c\000e\000\040\000T\000e\000s\000t\000\040\000R\000e\000s\000u\000l\000t\000s}{section.C.7}% 187
\BOOKMARK [1][-]{section.C.8}{\376\377\000C\000o\000n\000t\000i\000n\000u\000o\000u\000s\000\040\000I\000n\000t\000e\000g\000r\000a\000t\000i\000o\000n}{appendix.C}% 188
\BOOKMARK [2][-]{subsection.C.8.1}{\376\377\000G\000i\000t\000H\000u\000b\000\040\000A\000c\000t\000i\000o\000n\000s\000\040\000C\000I\000/\000C\000D\000\040\000P\000i\000p\000e\000l\000i\000n\000e}{section.C.8}% 189
